========================================================================================================
Analytic Computation of Three-Loop Five-Point Feynman Integrals: Pentaon-box-box
Yuanche Liu, Antonela Matijašić,  Julian Miczajka, Yingxuan Xu, Yongqun Xu, Yang Zhang
ArXiv: 2411.xxxx
yongqunxu@mail.ustc.edu.cn
========================================================================================================

 This is a proof-of-concept demostration to evaluate the 312-th UT integrals via one-fold integration with auxiliary B-matrix at: 
 
 
  {s12 -> -79/46, s23 -> -129/29, s34 -> -89/36, s45 -> -87/55, s15 -> -51/13} 
 
 
Loading Definitions...
Preparing Integrand...
Evaluating The Numer.312 UT integral. 
     Weight-4 UT[312] ->> 27.516619 s 
     Weight-5 UT[312] ->> 80.031495 s 
     Weight-6 UT[312] -->> 268.867584 s 
===================================================================
		 Weight-0: 1.1666666666666666666666666666666666666666666666666666666667`32.
		 Weight-1: -3.2652203053496517144500878381103081065548765487511808791937`32.
		 Weight-2: -3.252581895791775485024413304588881910333099437578060675156`32.
		 Weight-3: -3.3833422418607245232735892160121171443883300138347820869041`32.
		 Weight-4: -37.8523988292968469102727387790131780667414574100231353859114`32.30607503256558
		 Weight-5: -122.2104218276220363691130700662585577194866458151034493935135`32.23354714624768
		 Weight-6: -71.5031577617044008476074113493906034524635210520207035350978`31.408590420016015
===================================================================

 Evaluation Finished.. Time Used: 465 s. Exit.
